-------------------------------------------------------------------------------
Test set: com.training.olxlogin.OlxloginApplicationTests
-------------------------------------------------------------------------------
Tests run: 1, Failures: 0, Errors: 1, Skipped: 0, Time elapsed: 0.252 s <<< FAILURE! - in com.training.olxlogin.OlxloginApplicationTests
com.training.olxlogin.OlxloginApplicationTests  Time elapsed: 0.251 s  <<< ERROR!
java.lang.IllegalStateException: Unable to find a @SpringBootConfiguration, you need to use @ContextConfiguration or @SpringBootTest(classes=...) with your test

